<?xml version="1.0" encoding="UTF-8"?>
<!-- Generated by org.testng.reporters.JUnitReportReporter -->
<testsuite hostname="DESKTOP-QBALUQ7" failures="0" tests="1" name="Tests.searchTest" time="6.511" errors="0" timestamp="2023-10-16T01:52:45 EET" skipped="0">
  <testcase classname="Tests.searchTest" name="searchForVacationPlace" time="6.511"/>
  <system-out/>
</testsuite> <!-- Tests.searchTest -->
